Adding no. 1: aus1genereos@active
Adding no. 2: eoseouldotio@active
Adding no. 3: big.one@active
Adding no. 4: binancestake@active
Adding no. 5: eoscannonchn@active
Adding no. 6: eosiosg11111@active
Adding no. 7: starteosiobp@active
Adding no. 8: eosinfstones@active
Adding no. 9: eosflytomars@active
Adding no. 10: newdex.bp@active
Adding no. 11: eostitanprod@active
Adding no. 12: eoslaomaocom@active
Adding no. 13: bp.defi@active
Adding no. 14: hashfineosio@active
Adding no. 15: blockpooleos@active
Adding no. 16: ivote4eosusa@active
Adding no. 17: eosphereiobp@active
Adding no. 18: eosnationftw@active
Adding no. 19: teamgreymass@active
Adding no. 20: eosiodetroit@active
Adding no. 21: eosasia11111@active
Adding no. 22: atticlabeosb@active
Adding no. 23: eossupportbp@active
Adding no. 24: eoslambdacom@active
Adding no. 25: bp.daobox@active
Adding no. 26: slowmistiobp@active
Adding no. 27: eosriobrazil@active
Adding no. 28: moreisfuture@active
Adding no. 29: cryptolions1@active
Adding no. 30: eosauthority@active
Adding no. 31: alohaeosprod@active
Adding no. 32: eos42freedom@active
Adding no. 33: bp.pizza@active
Adding no. 34: noaharkeosbp@active
Adding no. 35: eosdotwikibp@active
Adding no. 36: eosamsterdam@active
Adding no. 37: truststaking@active
Adding no. 38: eosx.game@active
Adding no. 39: eossv12eossv@active
Adding no. 40: eosbixinboot@active
Enter passphrase to decrypt your vault: 

Transaction submitted to the network.
  https://eosq.app/tx/4ed567c3910ddd0a77589d5cbeec1426a2eda03998a67a034142002e8edad119
Adding no. 1: aus1genereos@active
Adding no. 2: eoseouldotio@active
Adding no. 3: big.one@active
Adding no. 4: binancestake@active
Adding no. 5: eoscannonchn@active
Adding no. 6: eosiosg11111@active
Adding no. 7: starteosiobp@active
Adding no. 8: eosinfstones@active
Adding no. 9: eosflytomars@active
Adding no. 10: newdex.bp@active
Adding no. 11: eostitanprod@active
Adding no. 12: eoslaomaocom@active
Adding no. 13: bp.defi@active
Adding no. 14: hashfineosio@active
Adding no. 15: blockpooleos@active
Adding no. 16: ivote4eosusa@active
Adding no. 17: eosphereiobp@active
Adding no. 18: eosnationftw@active
Adding no. 19: teamgreymass@active
Adding no. 20: eosiodetroit@active
Adding no. 21: eosasia11111@active
Adding no. 22: atticlabeosb@active
Adding no. 23: eossupportbp@active
Adding no. 24: eoslambdacom@active
Adding no. 25: bp.daobox@active
Adding no. 26: slowmistiobp@active
Adding no. 27: eosriobrazil@active
Adding no. 28: moreisfuture@active
Adding no. 29: cryptolions1@active
Adding no. 30: eosauthority@active
Adding no. 31: alohaeosprod@active
Adding no. 32: eos42freedom@active
Adding no. 33: bp.pizza@active
Adding no. 34: noaharkeosbp@active
Adding no. 35: eosdotwikibp@active
Adding no. 36: eosamsterdam@active
Adding no. 37: truststaking@active
Adding no. 38: eosx.game@active
Adding no. 39: eossv12eossv@active
Adding no. 40: eosbixinboot@active
Enter passphrase to decrypt your vault: 

Transaction submitted to the network.
  https://eosq.app/tx/a6becd03174b4409645bedd17fc5e5ecbf62efb18c41f7477baa3540cd92393a
