eric@superbee> ~ ➜ /local/eosnetworkfoundation/repos/ENF/spring-multi-sig/send_multi_sig.sh KYLIN
Adding no. 1: nationkylin1@active
Adding no. 2: nationkylin2@active
Adding no. 3: eosusacartel@active
Adding no. 4: eosusacarte1@active
Adding no. 5: newdexbptest@active
Adding no. 6: eossupportbp@active
Adding no. 7: eosphereiobp@active
Adding no. 8: eosiodetroit@active
Adding no. 9: amsterdamkyl@active
Adding no. 10: alohaeostes4@active
Adding no. 11: alohaeostes5@active
Adding no. 12: spherekylin1@active
Adding no. 13: spherekylin2@active
Adding no. 14: spherekylin3@active
Adding no. 15: eosriobrazil@active
Adding no. 16: eosiosg11111@active
Adding no. 17: eosasia11111@active
Adding no. 18: alohaeostest@active
Adding no. 19: ivote4eosusa@active
Adding no. 20: eosnationftw@active
Adding no. 21: eoscannonkyn@active
Adding no. 22: alohaeostes3@active
Adding no. 23: alohaeostes2@active
Adding no. 24: eoslaomaocom@active
Skipping inactive no. 25: helloeoschbp@active
Adding no. 26: one.cartel@active
Skipping inactive no. 27: eosiomeetone@active
Adding no. 28: two.cartel@active
Adding no. 29: realfly2mars@active
Skipping inactive no. 30: eossv12eossv@active
Skipping inactive no. 31: eosswedenorg@active
Skipping inactive no. 32: eosbeijingbp@active
Skipping inactive no. 33: atticlabckbp@active
Skipping inactive no. 34: eosargentina@active
Skipping inactive no. 35: cartel@active
Adding no. 36: bp.wal@active
Adding no. 37: okexnodetest@active
Adding no. 38: argentinapup@active
Skipping inactive no. 39: eoshuobipool@active
Skipping inactive no. 40: jedaaaaaaaaa@active
Skipping inactive no. 41: eosstorebest@active
Skipping inactive no. 42: eoscanadacom@active
Adding no. 43: blockmatrix2@active
Adding no. 44: superoneiobp@active
Skipping inactive no. 45: eospaceioeos@active
Adding no. 46: starteosiobp@active
Skipping inactive no. 47: eosecoeoseco@active
Skipping inactive no. 48: acryptotitan@active
Skipping inactive no. 49: eosteaeostea@active
Adding no. 50: eospacific11@active
Adding no. 51: binancekylin@active
Skipping inactive no. 52: eoscafeblock@active
Adding no. 53: fibosfibosbp@active
Skipping inactive no. 54: gravitypooll@active
Adding no. 55: four.cartel@active
Adding no. 56: three.cartel@active
Adding no. 57: eoscannonchn@active
Skipping inactive no. 58: kylauthority@active
Skipping inactive no. 59: eos42freedom@active
Skipping inactive no. 60: eosnewyorkio@active
Skipping inactive no. 61: tokenika4tst@active
Skipping inactive no. 62: speakinglion@active
Adding no. 63: unlimitedeos@active
Enter passphrase to decrypt your vault: 

Transaction submitted to the network.
  https://kylin.eosq.app/tx/8a47134af210afe381b199693015c64b416fc08a4dd2af714b4d21f1cca6487a
Adding no. 1: nationkylin1@active
Adding no. 2: nationkylin2@active
Adding no. 3: eosusacartel@active
Adding no. 4: eosusacarte1@active
Adding no. 5: newdexbptest@active
Adding no. 6: eossupportbp@active
Adding no. 7: eosphereiobp@active
Adding no. 8: eosiodetroit@active
Adding no. 9: amsterdamkyl@active
Adding no. 10: alohaeostes4@active
Adding no. 11: alohaeostes5@active
Adding no. 12: spherekylin1@active
Adding no. 13: spherekylin2@active
Adding no. 14: spherekylin3@active
Adding no. 15: eosriobrazil@active
Adding no. 16: eosiosg11111@active
Adding no. 17: eosasia11111@active
Adding no. 18: alohaeostest@active
Adding no. 19: ivote4eosusa@active
Adding no. 20: eosnationftw@active
Adding no. 21: eoscannonkyn@active
Adding no. 22: alohaeostes3@active
Adding no. 23: alohaeostes2@active
Adding no. 24: eoslaomaocom@active
Skipping inactive no. 25: helloeoschbp@active
Adding no. 26: one.cartel@active
Skipping inactive no. 27: eosiomeetone@active
Adding no. 28: two.cartel@active
Adding no. 29: realfly2mars@active
Skipping inactive no. 30: eossv12eossv@active
Skipping inactive no. 31: eosswedenorg@active
Skipping inactive no. 32: eosbeijingbp@active
Skipping inactive no. 33: atticlabckbp@active
Skipping inactive no. 34: eosargentina@active
Skipping inactive no. 35: cartel@active
Adding no. 36: bp.wal@active
Adding no. 37: okexnodetest@active
Adding no. 38: argentinapup@active
Skipping inactive no. 39: eoshuobipool@active
Skipping inactive no. 40: jedaaaaaaaaa@active
Skipping inactive no. 41: eosstorebest@active
Skipping inactive no. 42: eoscanadacom@active
Adding no. 43: blockmatrix2@active
Adding no. 44: superoneiobp@active
Skipping inactive no. 45: eospaceioeos@active
Adding no. 46: starteosiobp@active
Skipping inactive no. 47: eosecoeoseco@active
Skipping inactive no. 48: acryptotitan@active
Skipping inactive no. 49: eosteaeostea@active
Adding no. 50: eospacific11@active
Adding no. 51: binancekylin@active
Skipping inactive no. 52: eoscafeblock@active
Adding no. 53: fibosfibosbp@active
Skipping inactive no. 54: gravitypooll@active
Adding no. 55: four.cartel@active
Adding no. 56: three.cartel@active
Adding no. 57: eoscannonchn@active
Skipping inactive no. 58: kylauthority@active
Skipping inactive no. 59: eos42freedom@active
Skipping inactive no. 60: eosnewyorkio@active
Skipping inactive no. 61: tokenika4tst@active
Skipping inactive no. 62: speakinglion@active
Adding no. 63: unlimitedeos@active
Enter passphrase to decrypt your vault: 

Transaction submitted to the network.
  https://kylin.eosq.app/tx/7c13104fb9487e85325996748d47eb8acad358a17edde5c9d891603d67dc1ec6

